0 info it worked if it ends with ok
1 verbose cli [ '/usr/local/bin/node', '/usr/local/bin/npm', 'start' ]
2 info using npm@3.10.10
3 info using node@v6.10.3
4 verbose run-script [ 'prestart', 'start', 'poststart' ]
5 info lifecycle ui5-nabi-m@0.1.0~prestart: ui5-nabi-m@0.1.0
6 silly lifecycle ui5-nabi-m@0.1.0~prestart: no script for prestart, continuing
7 info lifecycle ui5-nabi-m@0.1.0~start: ui5-nabi-m@0.1.0
8 verbose lifecycle ui5-nabi-m@0.1.0~start: unsafe-perm in lifecycle true
9 verbose lifecycle ui5-nabi-m@0.1.0~start: PATH: /usr/local/lib/node_modules/npm/bin/node-gyp-bin:/Users/nabizamani/git/ui5-nabi-m/node_modules/.bin:/usr/local/git/bin:/Users/nabizamani/Development/maven/apache-maven-3.3.9/bin:/usr/share/mongodb/bin:/Users/nabizamani/bin:/usr/local/bin:/usr/bin:/bin:/usr/sbin:/sbin:/usr/local/git/bin
10 verbose lifecycle ui5-nabi-m@0.1.0~start: CWD: /Users/nabizamani/git/ui5-nabi-m
11 silly lifecycle ui5-nabi-m@0.1.0~start: Args: [ '-c', 'grunt' ]
12 silly lifecycle ui5-nabi-m@0.1.0~start: Returned: code: 3  signal: null
13 info lifecycle ui5-nabi-m@0.1.0~start: Failed to exec start script
14 verbose stack Error: ui5-nabi-m@0.1.0 start: `grunt`
14 verbose stack Exit status 3
14 verbose stack     at EventEmitter.<anonymous> (/usr/local/lib/node_modules/npm/lib/utils/lifecycle.js:255:16)
14 verbose stack     at emitTwo (events.js:106:13)
14 verbose stack     at EventEmitter.emit (events.js:191:7)
14 verbose stack     at ChildProcess.<anonymous> (/usr/local/lib/node_modules/npm/lib/utils/spawn.js:40:14)
14 verbose stack     at emitTwo (events.js:106:13)
14 verbose stack     at ChildProcess.emit (events.js:191:7)
14 verbose stack     at maybeClose (internal/child_process.js:886:16)
14 verbose stack     at Process.ChildProcess._handle.onexit (internal/child_process.js:226:5)
15 verbose pkgid ui5-nabi-m@0.1.0
16 verbose cwd /Users/nabizamani/git/ui5-nabi-m
17 error Darwin 15.6.0
18 error argv "/usr/local/bin/node" "/usr/local/bin/npm" "start"
19 error node v6.10.3
20 error npm  v3.10.10
21 error code ELIFECYCLE
22 error ui5-nabi-m@0.1.0 start: `grunt`
22 error Exit status 3
23 error Failed at the ui5-nabi-m@0.1.0 start script 'grunt'.
23 error Make sure you have the latest version of node.js and npm installed.
23 error If you do, this is most likely a problem with the ui5-nabi-m package,
23 error not with npm itself.
23 error Tell the author that this fails on your system:
23 error     grunt
23 error You can get information on how to open an issue for this project with:
23 error     npm bugs ui5-nabi-m
23 error Or if that isn't available, you can get their info via:
23 error     npm owner ls ui5-nabi-m
23 error There is likely additional logging output above.
24 verbose exit [ 1, true ]
